#
# A fatal error has been detected by the Java Runtime Environment:
#
#  SIGSEGV (0xb) at pc=0x000000012d7bbc11, pid=84545, tid=75779
#
# JRE version: Java(TM) SE Runtime Environment (8.0_05-b13) (build 1.8.0_05-b13)
# Java VM: Java HotSpot(TM) 64-Bit Server VM (25.5-b02 mixed mode bsd-amd64 compressed oops)
# Problematic frame:
# C  [libscsynth.dylib+0x7c11]  _Z16ProcessOSCPacketP5WorldP10OSC_Packet+0x21
#
# Failed to write core dump. Core dumps have been disabled. To enable core dumping, try "ulimit -c unlimited" before starting Java again
#
# If you would like to submit a bug report, please visit:
#   http://bugreport.sun.com/bugreport/crash.jsp
# The crash happened outside the Java Virtual Machine in native code.
# See problematic frame for where to report the bug.
#

---------------  T H R E A D  ---------------

Current thread (0x00007fb3fbc9f800):  JavaThread "Thread-5" [_thread_in_native, id=75779, stack(0x000000013ff67000,0x0000000140067000)]

siginfo:si_signo=SIGSEGV: si_errno=0, si_code=0 (SEGV0), si_addr=0x0000000000000000

Registers:
RAX=0xa000000000000000, RBX=0x00007fb3ff8073a0, RCX=0x0000000000000010, RDX=0xffffffffffffffd8
RSP=0x0000000140064e10, RBP=0x0000000140064e80, RSI=0x0000000000000016, RDI=0x00007fb3ff8085f0
R8 =0x0000000000000006, R9 =0x00000000fffffffc, R10=0x0000000140064dd0, R11=0xffffffffff4883b0
R12=0x00007fb3fb7d1580, R13=0x00007fb3ff8073a0, R14=0x00007fb3fb7d1580, R15=0x0000000000000068
RIP=0x000000012d7bbc11, EFLAGS=0x0000000000010206, ERR=0x0000000000000000
  TRAPNO=0x000000000000000d

Top of Stack: (sp=0x0000000140064e10)
0x0000000140064e10:   00007fb3fc1c4400 0000000000000068
0x0000000140064e20:   0000000140064e40 00007fff992fd187
0x0000000140064e30:   00007fb3ff8073a0 000000012b1001d0
0x0000000140064e40:   00007fb3fc1c4400 000000012d7b9a00
0x0000000140064e50:   0000000000000001 0000000000000008
0x0000000140064e60:   0000000000000004 0000000140065638
0x0000000140064e70:   0000000140064e80 000000012d5acd1c
0x0000000140064e80:   0000000000000006 00000001400656c0
0x0000000140064e90:   0000000140064f80 000000012d5ac884
0x0000000140064ea0:   0000000140064ef0 0000000109fbc940
0x0000000140064eb0:   00007fb3fdd3c3b0 0000000140064f30
0x0000000140064ec0:   000000000000000c 0000000140064f40
0x0000000140064ed0:   0000000140064f30 0000000140064f44
0x0000000140064ee0:   0000000140065520 00000001400656c0
0x0000000140064ef0:   000000012d7b9970 00007fb3fdd4eb70
0x0000000140064f00:   0000000140064dd0 00007fb3fdd4ec00
0x0000000140064f10:   0000000000000004 0000000400000004
0x0000000140064f20:   0000000140064dd0 0000000140064fd0
0x0000000140064f30:   00007fb300000001 00007fb3fbc9f800
0x0000000140064f40:   0000000100000000 1e0098d1d2e65931
0x0000000140064f50:   00007fb3fdd4eb70 0000000140065638
0x0000000140064f60:   00007fb3fdd4ec20 0000000000000018
0x0000000140064f70:   00007fb3fdd4eb70 0000000000000003
0x0000000140064f80:   0000000140065500 000000012d5a6f5c
0x0000000140064f90:   0000000140065840 000000010a917eb4
0x0000000140064fa0:   00007fb3fc1c4400 000000010a914f51
0x0000000140064fb0:   0000000140065500 000000012d5a6d55
0x0000000140064fc0:   0000000000000000 0000000000000000
0x0000000140064fd0:   0000000109af5cce 0000000000000000
0x0000000140064fe0:   0000000140065500 000000012d5a6d29
0x0000000140064ff0:   0000000000000000 0000000000000000
0x0000000140065000:   00007fb3fdf2b740 0000000000000000 

Instructions: (pc=0x000000012d7bbc11)
0x000000012d7bbbf1:   56 53 48 83 ec 28 48 89 f3 48 85 db 74 27 49 89
0x000000012d7bbc01:   fe 49 8b be 48 01 00 00 e8 b8 ec 06 00 49 8b 06
0x000000012d7bbc11:   48 8b 78 28 48 85 ff 75 10 49 8b be 48 01 00 00
0x000000012d7bbc21:   e8 a6 ec 06 00 31 c0 eb 5d 48 8b 03 8b 0d 15 9c 

Register to memory mapping:

RAX=0xa000000000000000 is an unknown value
RBX=0x00007fb3ff8073a0 is an unknown value
RCX=0x0000000000000010 is an unknown value
RDX=0xffffffffffffffd8 is an unknown value
RSP=0x0000000140064e10 is pointing into the stack for thread: 0x00007fb3fbc9f800
RBP=0x0000000140064e80 is pointing into the stack for thread: 0x00007fb3fbc9f800
RSI=0x0000000000000016 is an unknown value
RDI=0x00007fb3ff8085f0 is an unknown value
R8 =0x0000000000000006 is an unknown value
R9 =0x00000000fffffffc is an unknown value
R10=0x0000000140064dd0 is pointing into the stack for thread: 0x00007fb3fbc9f800
R11=0xffffffffff4883b0 is an unknown value
R12=0x00007fb3fb7d1580 is an unknown value
R13=0x00007fb3ff8073a0 is an unknown value
R14=0x00007fb3fb7d1580 is an unknown value
R15=0x0000000000000068 is an unknown value


Stack: [0x000000013ff67000,0x0000000140067000],  sp=0x0000000140064e10,  free space=1015k
Native frames: (J=compiled Java code, j=interpreted, Vv=VM code, C=native code)
C  [libscsynth.dylib+0x7c11]  _Z16ProcessOSCPacketP5WorldP10OSC_Packet+0x21

Java frames: (J=compiled Java code, j=interpreted, Vv=VM code)
j  overtone.sc.machinery.server.native.lib_a328da87_cd23_406b_b138_4cfb5be8dba3.World_SendPacket(Lcom/sun/jna/Pointer;ILjava/nio/ByteBuffer;Lovertone/sc/machinery/server/native/callback_02868524_5598_4048_9e63_b029e444229f;)B+0
j  overtone.sc.machinery.server.native$eval2804$fn__2805.invoke(Ljava/lang/Object;Ljava/lang/Object;Ljava/lang/Object;Ljava/lang/Object;)Ljava/lang/Object;+29
j  overtone.sc.machinery.server.native$scsynth_send.invoke(Ljava/lang/Object;Ljava/lang/Object;)Ljava/lang/Object;+106
j  overtone.sc.machinery.server.connection$connect_internal$send_fn__2864.invoke(Ljava/lang/Object;Ljava/lang/Object;)Ljava/lang/Object;+32
j  overtone.osc.peer$send_loop$fn__1030.invoke()Ljava/lang/Object;+182
j  overtone.osc.peer$send_loop.invoke(Ljava/lang/Object;Ljava/lang/Object;Ljava/lang/Object;Ljava/lang/Object;)Ljava/lang/Object;+236
J 476 C1 clojure.lang.AFn.applyToHelper(Lclojure/lang/IFn;Lclojure/lang/ISeq;)Ljava/lang/Object; (3238 bytes) @ 0x000000010a9952e4 [0x000000010a991120+0x41c4]
J 446 C1 clojure.lang.AFn.applyTo(Lclojure/lang/ISeq;)Ljava/lang/Object; (12 bytes) @ 0x000000010a97dc54 [0x000000010a97dc20+0x34]
J 890 C1 clojure.core$apply.invoke(Ljava/lang/Object;Ljava/lang/Object;)Ljava/lang/Object; (32 bytes) @ 0x000000010aa32064 [0x000000010aa31f20+0x144]
j  overtone.osc.peer$sender_thread$fn__1091.invoke()Ljava/lang/Object;+19
j  clojure.lang.AFn.run()V+1
j  java.lang.Thread.run()V+11
v  ~StubRoutines::call_stub

---------------  P R O C E S S  ---------------

Java Threads: ( => current thread )
  0x00007fb3fbc84000 JavaThread "Thread-3" [_thread_blocked, id=36883, stack(0x000000014118d000,0x000000014128d000)]
  0x00007fb3fd34d000 JavaThread "AWT-Shutdown" [_thread_blocked, id=37411, stack(0x0000000140c8e000,0x0000000140d8e000)]
  0x00007fb3fc111000 JavaThread "pool-4-thread-6" [_thread_blocked, id=82179, stack(0x0000000140b8b000,0x0000000140c8b000)]
  0x00007fb3fcb64000 JavaThread "pool-4-thread-5" [_thread_blocked, id=81667, stack(0x0000000140a88000,0x0000000140b88000)]
  0x00007fb3fc10e000 JavaThread "pool-4-thread-4" [_thread_blocked, id=81155, stack(0x0000000140985000,0x0000000140a85000)]
  0x00007fb3fc001000 JavaThread "pool-4-thread-3" [_thread_blocked, id=80643, stack(0x0000000140882000,0x0000000140982000)]
  0x00007fb3fbcae000 JavaThread "pool-4-thread-2" [_thread_blocked, id=74503, stack(0x000000013fe43000,0x000000013ff43000)]
  0x00007fb3fbcb8000 JavaThread "DestroyJavaVM" [_thread_blocked, id=3591, stack(0x000000010a6c1000,0x000000010a7c1000)]
  0x00007fb3fbcac000 JavaThread "pool-4-thread-1" [_thread_blocked, id=79107, stack(0x0000000140579000,0x0000000140679000)]
  0x00007fb3fcb98000 JavaThread "clojure-agent-send-off-pool-1" [_thread_blocked, id=76291, stack(0x000000014006a000,0x000000014016a000)]
=>0x00007fb3fbc9f800 JavaThread "Thread-5" [_thread_in_native, id=75779, stack(0x000000013ff67000,0x0000000140067000)]
  0x00007fb3fbd76000 JavaThread "pool-2-thread-6" [_thread_blocked, id=49935, stack(0x000000012e917000,0x000000012ea17000)]
  0x00007fb3fbc4e800 JavaThread "pool-2-thread-5" [_thread_blocked, id=36643, stack(0x000000012e814000,0x000000012e914000)]
  0x00007fb3fc108800 JavaThread "pool-2-thread-4" [_thread_blocked, id=12043, stack(0x000000012e711000,0x000000012e811000)]
  0x00007fb3fc13f000 JavaThread "pool-2-thread-3" [_thread_blocked, id=12303, stack(0x000000012e60e000,0x000000012e70e000)]
  0x00007fb3fbc5e000 JavaThread "pool-2-thread-2" [_thread_blocked, id=36379, stack(0x000000012e30b000,0x000000012e40b000)]
  0x00007fb3fd366000 JavaThread "pool-2-thread-1" [_thread_blocked, id=48395, stack(0x000000012c34f000,0x000000012c44f000)]
  0x00007fb3fbd94000 JavaThread "pool-3-thread-6" [_thread_blocked, id=55303, stack(0x000000012e208000,0x000000012e308000)]
  0x00007fb3fbd9f000 JavaThread "pool-3-thread-5" [_thread_blocked, id=54531, stack(0x000000012df05000,0x000000012e005000)]
  0x00007fb3fcc54000 JavaThread "pool-3-thread-4" [_thread_blocked, id=54019, stack(0x000000012de02000,0x000000012df02000)]
  0x00007fb3fbda5000 JavaThread "pool-3-thread-3" [_thread_blocked, id=53507, stack(0x000000012daff000,0x000000012dbff000)]
  0x00007fb3fcc66000 JavaThread "pool-3-thread-2" [_thread_blocked, id=52995, stack(0x000000012d9fc000,0x000000012dafc000)]
  0x00007fb3fcb29000 JavaThread "pool-3-thread-1" [_thread_blocked, id=52755, stack(0x000000012d8f9000,0x000000012d9f9000)]
  0x00007fb3fbb8d000 JavaThread "clojure-agent-send-off-pool-0" [_thread_blocked, id=27927, stack(0x00000001294b6000,0x00000001295b6000)]
  0x00007fb3fbbd1800 JavaThread "Java2D Disposer" daemon [_thread_blocked, id=52247, stack(0x000000012cfd5000,0x000000012d0d5000)]
  0x00007fb3fd0c0000 JavaThread "Java2D Queue Flusher" daemon [_thread_blocked, id=48647, stack(0x000000012c652000,0x000000012c752000)]
  0x00007fb3fd094800 JavaThread "AppKit Thread" daemon [_thread_blocked, id=8471, stack(0x00007fff5658d000,0x00007fff56d8d000)]
  0x00007fb3fc841000 JavaThread "Service Thread" daemon [_thread_blocked, id=18179, stack(0x0000000127029000,0x0000000127129000)]
  0x00007fb3fc82e800 JavaThread "C1 CompilerThread2" daemon [_thread_blocked, id=17667, stack(0x0000000126f26000,0x0000000127026000)]
  0x00007fb3fc82d800 JavaThread "C2 CompilerThread1" daemon [_thread_blocked, id=17155, stack(0x0000000126e23000,0x0000000126f23000)]
  0x00007fb3fb86e800 JavaThread "C2 CompilerThread0" daemon [_thread_blocked, id=16643, stack(0x0000000126d20000,0x0000000126e20000)]
  0x00007fb3fb86d800 JavaThread "Signal Dispatcher" daemon [_thread_blocked, id=12567, stack(0x0000000126c1d000,0x0000000126d1d000)]
  0x00007fb3fb812800 JavaThread "Finalizer" daemon [_thread_blocked, id=11523, stack(0x00000001251e8000,0x00000001252e8000)]
  0x00007fb3fc80c800 JavaThread "Reference Handler" daemon [_thread_blocked, id=11011, stack(0x00000001250e5000,0x00000001251e5000)]

Other Threads:
  0x00007fb3fc808000 VMThread [stack: 0x0000000124fe2000,0x00000001250e2000] [id=10499]
  0x00007fb3fc810000 WatcherThread [stack: 0x000000012712c000,0x000000012722c000] [id=18691]

VM state:not at safepoint (normal execution)

VM Mutex/Monitor currently owned by a thread: None

Heap:
 PSYoungGen      total 219136K, used 111343K [0x000000076ab00000, 0x0000000779f80000, 0x00000007c0000000)
  eden space 199680K, 48% used [0x000000076ab00000,0x0000000770a13f38,0x0000000776e00000)
  from space 19456K, 71% used [0x0000000776e00000,0x0000000777ba8030,0x0000000778100000)
  to   space 20992K, 0% used [0x0000000778b00000,0x0000000778b00000,0x0000000779f80000)
 ParOldGen       total 16896K, used 14739K [0x00000006c0000000, 0x00000006c1080000, 0x000000076ab00000)
  object space 16896K, 87% used [0x00000006c0000000,0x00000006c0e64dc8,0x00000006c1080000)
 Metaspace       used 36792K, capacity 49083K, committed 49152K, reserved 1085440K
  class space    used 9424K, capacity 13533K, committed 13568K, reserved 1048576K

Card table byte_map: [0x0000000119b83000,0x000000011a384000] byte_map_base: 0x0000000116583000

Marking Bits: (ParMarkBitMap*) 0x000000010a0660a0
 Begin Bits: [0x000000011ace6000, 0x000000011ece6000)
 End Bits:   [0x000000011ece6000, 0x0000000122ce6000)

Polling page: 0x0000000108fca000

CodeCache: size=245760Kb used=8074Kb max_used=8074Kb free=237685Kb
 bounds [0x000000010a7c3000, 0x000000010afb3000, 0x00000001197c3000]
 total_blobs=3798 nmethods=3311 adapters=402
 compilation: enabled

Compilation events (10 events):
Event: 64.731 Thread 0x00007fb3fc82e800 3307       1       clojure.lang.MethodImplCache::<init> (42 bytes)
Event: 64.731 Thread 0x00007fb3fc82e800 nmethod 3307 0x000000010afa1250 code [0x000000010afa13a0, 0x000000010afa1530]
Event: 64.740 Thread 0x00007fb3fc82e800 3308       1       clojure.lang.PersistentHashMap$ArrayNode::without (118 bytes)
Event: 64.741 Thread 0x00007fb3fc82e800 nmethod 3308 0x000000010afa1590 code [0x000000010afa1760, 0x000000010afa1d58]
Event: 64.745 Thread 0x00007fb3fc82e800 3309       1       clojure.lang.APersistentMap::equiv (125 bytes)
Event: 64.745 Thread 0x00007fb3fc82e800 nmethod 3309 0x000000010afa2390 code [0x000000010afa25a0, 0x000000010afa2aa8]
Event: 64.757 Thread 0x00007fb3fc82e800 3310       1       overtone.sc.node$eval3540$fn__3541::invoke (72 bytes)
Event: 64.758 Thread 0x00007fb3fc82e800 nmethod 3310 0x000000010afa2d50 code [0x000000010afa2f20, 0x000000010afa34e8]
Event: 64.758 Thread 0x00007fb3fc82e800 3311       1       overtone.sc.node$node_destroyed::invoke (291 bytes)
Event: 64.759 Thread 0x00007fb3fc82e800 nmethod 3311 0x000000010afa3890 code [0x000000010afa3bc0, 0x000000010afa4e88]

GC Heap History (10 events):
Event: 10.376 GC heap before
{Heap before GC invocations=40 (full 3):
 PSYoungGen      total 186880K, used 186872K [0x000000076ab00000, 0x0000000777080000, 0x00000007c0000000)
  eden space 176128K, 100% used [0x000000076ab00000,0x0000000775700000,0x0000000775700000)
  from space 10752K, 99% used [0x0000000776300000,0x0000000776d7e318,0x0000000776d80000)
  to   space 12288K, 0% used [0x0000000775700000,0x0000000775700000,0x0000000776300000)
 ParOldGen       total 16896K, used 14034K [0x00000006c0000000, 0x00000006c1080000, 0x000000076ab00000)
  object space 16896K, 83% used [0x00000006c0000000,0x00000006c0db4b80,0x00000006c1080000)
 Metaspace       used 34518K, capacity 45725K, committed 46080K, reserved 1083392K
  class space    used 8726K, capacity 12428K, committed 12544K, reserved 1048576K
Event: 10.390 GC heap after
Heap after GC invocations=40 (full 3):
 PSYoungGen      total 188416K, used 12272K [0x000000076ab00000, 0x0000000778080000, 0x00000007c0000000)
  eden space 176128K, 0% used [0x000000076ab00000,0x000000076ab00000,0x0000000775700000)
  from space 12288K, 99% used [0x0000000775700000,0x00000007762fc020,0x0000000776300000)
  to   space 14336K, 0% used [0x0000000777280000,0x0000000777280000,0x0000000778080000)
 ParOldGen       total 16896K, used 14127K [0x00000006c0000000, 0x00000006c1080000, 0x000000076ab00000)
  object space 16896K, 83% used [0x00000006c0000000,0x00000006c0dcbd60,0x00000006c1080000)
 Metaspace       used 34518K, capacity 45725K, committed 46080K, reserved 1083392K
  class space    used 8726K, capacity 12428K, committed 12544K, reserved 1048576K
}
Event: 11.393 GC heap before
{Heap before GC invocations=41 (full 3):
 PSYoungGen      total 188416K, used 188400K [0x000000076ab00000, 0x0000000778080000, 0x00000007c0000000)
  eden space 176128K, 100% used [0x000000076ab00000,0x0000000775700000,0x0000000775700000)
  from space 12288K, 99% used [0x0000000775700000,0x00000007762fc020,0x0000000776300000)
  to   space 14336K, 0% used [0x0000000777280000,0x0000000777280000,0x0000000778080000)
 ParOldGen       total 16896K, used 14127K [0x00000006c0000000, 0x00000006c1080000, 0x000000076ab00000)
  object space 16896K, 83% used [0x00000006c0000000,0x00000006c0dcbd60,0x00000006c1080000)
 Metaspace       used 36317K, capacity 48403K, committed 48512K, reserved 1085440K
  class space    used 9343K, capacity 13349K, committed 13440K, reserved 1048576K
Event: 11.410 GC heap after
Heap after GC invocations=41 (full 3):
 PSYoungGen      total 202240K, used 13217K [0x000000076ab00000, 0x0000000778400000, 0x00000007c0000000)
  eden space 187904K, 0% used [0x000000076ab00000,0x000000076ab00000,0x0000000776280000)
  from space 14336K, 92% used [0x0000000777280000,0x0000000777f68500,0x0000000778080000)
  to   space 16384K, 0% used [0x0000000776280000,0x0000000776280000,0x0000000777280000)
 ParOldGen       total 16896K, used 14715K [0x00000006c0000000, 0x00000006c1080000, 0x000000076ab00000)
  object space 16896K, 87% used [0x00000006c0000000,0x00000006c0e5edc8,0x00000006c1080000)
 Metaspace       used 36317K, capacity 48403K, committed 48512K, reserved 1085440K
  class space    used 9343K, capacity 13349K, committed 13440K, reserved 1048576K
}
Event: 12.001 GC heap before
{Heap before GC invocations=42 (full 3):
 PSYoungGen      total 202240K, used 201121K [0x000000076ab00000, 0x0000000778400000, 0x00000007c0000000)
  eden space 187904K, 100% used [0x000000076ab00000,0x0000000776280000,0x0000000776280000)
  from space 14336K, 92% used [0x0000000777280000,0x0000000777f68500,0x0000000778080000)
  to   space 16384K, 0% used [0x0000000776280000,0x0000000776280000,0x0000000777280000)
 ParOldGen       total 16896K, used 14715K [0x00000006c0000000, 0x00000006c1080000, 0x000000076ab00000)
  object space 16896K, 87% used [0x00000006c0000000,0x00000006c0e5edc8,0x00000006c1080000)
 Metaspace       used 36661K, capacity 48869K, committed 49152K, reserved 1085440K
  class space    used 9397K, capacity 13449K, committed 13568K, reserved 1048576K
Event: 12.016 GC heap after
Heap after GC invocations=42 (full 3):
 PSYoungGen      total 204288K, used 14112K [0x000000076ab00000, 0x0000000779480000, 0x00000007c0000000)
  eden space 187904K, 0% used [0x000000076ab00000,0x000000076ab00000,0x0000000776280000)
  from space 16384K, 86% used [0x0000000776280000,0x0000000777048030,0x0000000777280000)
  to   space 18432K, 0% used [0x0000000778280000,0x0000000778280000,0x0000000779480000)
 ParOldGen       total 16896K, used 14723K [0x00000006c0000000, 0x00000006c1080000, 0x000000076ab00000)
  object space 16896K, 87% used [0x00000006c0000000,0x00000006c0e60dc8,0x00000006c1080000)
 Metaspace       used 36661K, capacity 48869K, committed 49152K, reserved 1085440K
  class space    used 9397K, capacity 13449K, committed 13568K, reserved 1048576K
}
Event: 26.563 GC heap before
{Heap before GC invocations=43 (full 3):
 PSYoungGen      total 204288K, used 202016K [0x000000076ab00000, 0x0000000779480000, 0x00000007c0000000)
  eden space 187904K, 100% used [0x000000076ab00000,0x0000000776280000,0x0000000776280000)
  from space 16384K, 86% used [0x0000000776280000,0x0000000777048030,0x0000000777280000)
  to   space 18432K, 0% used [0x0000000778280000,0x0000000778280000,0x0000000779480000)
 ParOldGen       total 16896K, used 14723K [0x00000006c0000000, 0x00000006c1080000, 0x000000076ab00000)
  object space 16896K, 87% used [0x00000006c0000000,0x00000006c0e60dc8,0x00000006c1080000)
 Metaspace       used 36766K, capacity 49083K, committed 49152K, reserved 1085440K
  class space    used 9421K, capacity 13533K, committed 13568K, reserved 1048576K
Event: 26.581 GC heap after
Heap after GC invocations=43 (full 3):
 PSYoungGen      total 217600K, used 13984K [0x000000076ab00000, 0x0000000779400000, 0x00000007c0000000)
  eden space 199680K, 0% used [0x000000076ab00000,0x000000076ab00000,0x0000000776e00000)
  from space 17920K, 78% used [0x0000000778280000,0x0000000779028030,0x0000000779400000)
  to   space 19456K, 0% used [0x0000000776e00000,0x0000000776e00000,0x0000000778100000)
 ParOldGen       total 16896K, used 14731K [0x00000006c0000000, 0x00000006c1080000, 0x000000076ab00000)
  object space 16896K, 87% used [0x00000006c0000000,0x00000006c0e62dc8,0x00000006c1080000)
 Metaspace       used 36766K, capacity 49083K, committed 49152K, reserved 1085440K
  class space    used 9421K, capacity 13533K, committed 13568K, reserved 1048576K
}
Event: 55.786 GC heap before
{Heap before GC invocations=44 (full 3):
 PSYoungGen      total 217600K, used 213664K [0x000000076ab00000, 0x0000000779400000, 0x00000007c0000000)
  eden space 199680K, 100% used [0x000000076ab00000,0x0000000776e00000,0x0000000776e00000)
  from space 17920K, 78% used [0x0000000778280000,0x0000000779028030,0x0000000779400000)
  to   space 19456K, 0% used [0x0000000776e00000,0x0000000776e00000,0x0000000778100000)
 ParOldGen       total 16896K, used 14731K [0x00000006c0000000, 0x00000006c1080000, 0x000000076ab00000)
  object space 16896K, 87% used [0x00000006c0000000,0x00000006c0e62dc8,0x00000006c1080000)
 Metaspace       used 36766K, capacity 49083K, committed 49152K, reserved 1085440K
  class space    used 9421K, capacity 13533K, committed 13568K, reserved 1048576K
Event: 55.802 GC heap after
Heap after GC invocations=44 (full 3):
 PSYoungGen      total 219136K, used 13984K [0x000000076ab00000, 0x0000000779f80000, 0x00000007c0000000)
  eden space 199680K, 0% used [0x000000076ab00000,0x000000076ab00000,0x0000000776e00000)
  from space 19456K, 71% used [0x0000000776e00000,0x0000000777ba8030,0x0000000778100000)
  to   space 20992K, 0% used [0x0000000778b00000,0x0000000778b00000,0x0000000779f80000)
 ParOldGen       total 16896K, used 14739K [0x00000006c0000000, 0x00000006c1080000, 0x000000076ab00000)
  object space 16896K, 87% used [0x00000006c0000000,0x00000006c0e64dc8,0x00000006c1080000)
 Metaspace       used 36766K, capacity 49083K, committed 49152K, reserved 1085440K
  class space    used 9421K, capacity 13533K, committed 13568K, reserved 1048576K
}

Deoptimization events (0 events):
No events

Internal exceptions (10 events):
Event: 11.983 Thread 0x00007fb3fc001000 Exception <a 'java/security/PrivilegedActionException'> (0x0000000775c5c590) thrown at [/HUDSON/workspace/8-2-build-macosx-x86_64/jdk8u5/2488/hotspot/src/share/vm/prims/jvm.cpp, line 1248]
Event: 11.983 Thread 0x00007fb3fc001000 Exception <a 'java/security/PrivilegedActionException'> (0x0000000775c60370) thrown at [/HUDSON/workspace/8-2-build-macosx-x86_64/jdk8u5/2488/hotspot/src/share/vm/prims/jvm.cpp, line 1248]
Event: 11.987 Thread 0x00007fb3fc001000 Exception <a 'java/security/PrivilegedActionException'> (0x0000000775cf25a0) thrown at [/HUDSON/workspace/8-2-build-macosx-x86_64/jdk8u5/2488/hotspot/src/share/vm/prims/jvm.cpp, line 1248]
Event: 11.988 Thread 0x00007fb3fc001000 Exception <a 'java/security/PrivilegedActionException'> (0x0000000775d33c80) thrown at [/HUDSON/workspace/8-2-build-macosx-x86_64/jdk8u5/2488/hotspot/src/share/vm/prims/jvm.cpp, line 1248]
Event: 12.115 Thread 0x00007fb3fc001000 Exception <a 'java/security/PrivilegedActionException'> (0x000000076bd42e98) thrown at [/HUDSON/workspace/8-2-build-macosx-x86_64/jdk8u5/2488/hotspot/src/share/vm/prims/jvm.cpp, line 1248]
Event: 12.115 Thread 0x00007fb3fc001000 Exception <a 'java/security/PrivilegedActionException'> (0x000000076bd46c78) thrown at [/HUDSON/workspace/8-2-build-macosx-x86_64/jdk8u5/2488/hotspot/src/share/vm/prims/jvm.cpp, line 1248]
Event: 12.214 Thread 0x00007fb3fc001000 Exception <a 'java/security/PrivilegedActionException'> (0x000000076c84d5c8) thrown at [/HUDSON/workspace/8-2-build-macosx-x86_64/jdk8u5/2488/hotspot/src/share/vm/prims/jvm.cpp, line 1248]
Event: 12.214 Thread 0x00007fb3fc001000 Exception <a 'java/security/PrivilegedActionException'> (0x000000076c8514a8) thrown at [/HUDSON/workspace/8-2-build-macosx-x86_64/jdk8u5/2488/hotspot/src/share/vm/prims/jvm.cpp, line 1248]
Event: 12.224 Thread 0x00007fb3fc001000 Exception <a 'java/security/PrivilegedActionException'> (0x000000076c96c400) thrown at [/HUDSON/workspace/8-2-build-macosx-x86_64/jdk8u5/2488/hotspot/src/share/vm/prims/jvm.cpp, line 1248]
Event: 12.224 Thread 0x00007fb3fc001000 Exception <a 'java/security/PrivilegedActionException'> (0x000000076c970108) thrown at [/HUDSON/workspace/8-2-build-macosx-x86_64/jdk8u5/2488/hotspot/src/share/vm/prims/jvm.cpp, line 1248]

Events (10 events):
Event: 64.758 Thread 0x00007fb3fcc9b800 Thread exited: 0x00007fb3fcc9b800
Event: 64.758 Thread 0x00007fb3fcc9b800 Thread added: 0x00007fb3fcc9b800
Event: 64.759 Thread 0x00007fb3fcc9b800 Thread exited: 0x00007fb3fcc9b800
Event: 64.759 Thread 0x00007fb3fcc9b800 Thread added: 0x00007fb3fcc9b800
Event: 64.760 Thread 0x00007fb3fcc9b800 Thread exited: 0x00007fb3fcc9b800
Event: 64.760 Thread 0x00007fb3fcc9b800 Thread added: 0x00007fb3fcc9b800
Event: 64.760 Thread 0x00007fb3fcc9b800 Thread exited: 0x00007fb3fcc9b800
Event: 64.760 Executing VM operation: RevokeBias
Event: 64.760 Executing VM operation: RevokeBias done
Event: 64.760 Thread 0x00007fb3fbd56000 Thread exited: 0x00007fb3fbd56000


Dynamic libraries:
0x000000000ce86000 	/System/Library/Frameworks/Cocoa.framework/Versions/A/Cocoa
0x000000000ce86000 	/System/Library/Frameworks/Security.framework/Versions/A/Security
0x000000000ce86000 	/System/Library/Frameworks/ApplicationServices.framework/Versions/A/ApplicationServices
0x000000000ce86000 	/usr/lib/libz.1.dylib
0x000000000ce86000 	/usr/lib/libSystem.B.dylib
0x000000000ce86000 	/usr/lib/libobjc.A.dylib
0x000000000ce86000 	/System/Library/Frameworks/CoreFoundation.framework/Versions/A/CoreFoundation
0x000000000ce86000 	/System/Library/Frameworks/Foundation.framework/Versions/C/Foundation
0x000000000ce86000 	/System/Library/Frameworks/AppKit.framework/Versions/C/AppKit
0x000000000ce86000 	/System/Library/Frameworks/CoreData.framework/Versions/A/CoreData
0x000000000ce86000 	/System/Library/PrivateFrameworks/RemoteViewServices.framework/Versions/A/RemoteViewServices
0x000000000ce86000 	/System/Library/PrivateFrameworks/UIFoundation.framework/Versions/A/UIFoundation
0x000000000ce86000 	/System/Library/Frameworks/IOSurface.framework/Versions/A/IOSurface
0x000000000ce86000 	/System/Library/Frameworks/AudioToolbox.framework/Versions/A/AudioToolbox
0x000000000ce86000 	/System/Library/Frameworks/AudioUnit.framework/Versions/A/AudioUnit
0x000000000ce86000 	/System/Library/PrivateFrameworks/DataDetectorsCore.framework/Versions/A/DataDetectorsCore
0x000000000ce86000 	/System/Library/PrivateFrameworks/DesktopServicesPriv.framework/Versions/A/DesktopServicesPriv
0x000000000ce86000 	/System/Library/Frameworks/Carbon.framework/Versions/A/Frameworks/HIToolbox.framework/Versions/A/HIToolbox
0x000000000ce86000 	/System/Library/Frameworks/QuartzCore.framework/Versions/A/QuartzCore
0x000000000ce86000 	/System/Library/Frameworks/Carbon.framework/Versions/A/Frameworks/SpeechRecognition.framework/Versions/A/SpeechRecognition
0x000000000ce86000 	/usr/lib/libauto.dylib
0x000000000ce86000 	/usr/lib/libicucore.A.dylib
0x000000000ce86000 	/usr/lib/libxml2.2.dylib
0x000000000ce86000 	/System/Library/PrivateFrameworks/CoreUI.framework/Versions/A/CoreUI
0x000000000ce86000 	/System/Library/Frameworks/CoreAudio.framework/Versions/A/CoreAudio
0x000000000ce86000 	/System/Library/Frameworks/DiskArbitration.framework/Versions/A/DiskArbitration
0x000000000ce86000 	/usr/lib/liblangid.dylib
0x000000000ce86000 	/System/Library/PrivateFrameworks/MultitouchSupport.framework/Versions/A/MultitouchSupport
0x000000000ce86000 	/System/Library/Frameworks/IOKit.framework/Versions/A/IOKit
0x000000000ce86000 	/usr/lib/libDiagnosticMessagesClient.dylib
0x000000000ce86000 	/System/Library/Frameworks/CoreServices.framework/Versions/A/CoreServices
0x000000000ce86000 	/System/Library/PrivateFrameworks/PerformanceAnalysis.framework/Versions/A/PerformanceAnalysis
0x000000000ce86000 	/System/Library/PrivateFrameworks/GenerationalStorage.framework/Versions/A/GenerationalStorage
0x000000000ce86000 	/System/Library/Frameworks/OpenGL.framework/Versions/A/OpenGL
0x000000000ce86000 	/System/Library/PrivateFrameworks/Sharing.framework/Versions/A/Sharing
0x000000000ce86000 	/System/Library/Frameworks/CoreGraphics.framework/Versions/A/CoreGraphics
0x000000000ce86000 	/System/Library/Frameworks/CoreText.framework/Versions/A/CoreText
0x000000000ce86000 	/System/Library/Frameworks/ImageIO.framework/Versions/A/ImageIO
0x000000000ce86000 	/usr/lib/libextension.dylib
0x000000000ce86000 	/System/Library/PrivateFrameworks/Backup.framework/Versions/A/Backup
0x000000000ce86000 	/usr/lib/libarchive.2.dylib
0x000000000ce86000 	/System/Library/Frameworks/CFNetwork.framework/Versions/A/CFNetwork
0x000000000ce86000 	/System/Library/Frameworks/SystemConfiguration.framework/Versions/A/SystemConfiguration
0x000000000ce86000 	/usr/lib/libCRFSuite.dylib
0x000000000ce86000 	/usr/lib/libc++.1.dylib
0x000000000ce86000 	/usr/lib/libc++abi.dylib
0x000000000ce86000 	/usr/lib/system/libcache.dylib
0x000000000ce86000 	/usr/lib/system/libcommonCrypto.dylib
0x000000000ce86000 	/usr/lib/system/libcompiler_rt.dylib
0x000000000ce86000 	/usr/lib/system/libcopyfile.dylib
0x000000000ce86000 	/usr/lib/system/libcorecrypto.dylib
0x000000000ce86000 	/usr/lib/system/libdispatch.dylib
0x000000000ce86000 	/usr/lib/system/libdyld.dylib
0x000000000ce86000 	/usr/lib/system/libkeymgr.dylib
0x000000000ce86000 	/usr/lib/system/liblaunch.dylib
0x000000000ce86000 	/usr/lib/system/libmacho.dylib
0x000000000ce86000 	/usr/lib/system/libquarantine.dylib
0x000000000ce86000 	/usr/lib/system/libremovefile.dylib
0x000000000ce86000 	/usr/lib/system/libsystem_asl.dylib
0x000000000ce86000 	/usr/lib/system/libsystem_blocks.dylib
0x000000000ce86000 	/usr/lib/system/libsystem_c.dylib
0x000000000ce86000 	/usr/lib/system/libsystem_configuration.dylib
0x000000000ce86000 	/usr/lib/system/libsystem_coreservices.dylib
0x000000000ce86000 	/usr/lib/system/libsystem_coretls.dylib
0x000000000ce86000 	/usr/lib/system/libsystem_dnssd.dylib
0x000000000ce86000 	/usr/lib/system/libsystem_info.dylib
0x000000000ce86000 	/usr/lib/system/libsystem_kernel.dylib
0x000000000ce86000 	/usr/lib/system/libsystem_m.dylib
0x000000000ce86000 	/usr/lib/system/libsystem_malloc.dylib
0x000000000ce86000 	/usr/lib/system/libsystem_network.dylib
0x000000000ce86000 	/usr/lib/system/libsystem_networkextension.dylib
0x000000000ce86000 	/usr/lib/system/libsystem_notify.dylib
0x000000000ce86000 	/usr/lib/system/libsystem_platform.dylib
0x000000000ce86000 	/usr/lib/system/libsystem_pthread.dylib
0x000000000ce86000 	/usr/lib/system/libsystem_sandbox.dylib
0x000000000ce86000 	/usr/lib/system/libsystem_secinit.dylib
0x000000000ce86000 	/usr/lib/system/libsystem_stats.dylib
0x000000000ce86000 	/usr/lib/system/libsystem_trace.dylib
0x000000000ce86000 	/usr/lib/system/libunc.dylib
0x000000000ce86000 	/usr/lib/system/libunwind.dylib
0x000000000ce86000 	/usr/lib/system/libxpc.dylib
0x000000000ce86000 	/usr/lib/libbz2.1.0.dylib
0x000000000ce86000 	/usr/lib/liblzma.5.dylib
0x000000000ce86000 	/usr/lib/libbsm.0.dylib
0x000000000ce86000 	/usr/lib/libsqlite3.dylib
0x000000000ce86000 	/usr/lib/system/libkxld.dylib
0x000000000ce86000 	/usr/lib/libxar.1.dylib
0x000000000ce86000 	/usr/lib/libpam.2.dylib
0x000000000ce86000 	/usr/lib/libOpenScriptingUtil.dylib
0x000000000ce86000 	/System/Library/Frameworks/CoreServices.framework/Versions/A/Frameworks/FSEvents.framework/Versions/A/FSEvents
0x000000000ce86000 	/System/Library/Frameworks/CoreServices.framework/Versions/A/Frameworks/CarbonCore.framework/Versions/A/CarbonCore
0x000000000ce86000 	/System/Library/Frameworks/CoreServices.framework/Versions/A/Frameworks/Metadata.framework/Versions/A/Metadata
0x000000000ce86000 	/System/Library/Frameworks/CoreServices.framework/Versions/A/Frameworks/OSServices.framework/Versions/A/OSServices
0x000000000ce86000 	/System/Library/Frameworks/CoreServices.framework/Versions/A/Frameworks/SearchKit.framework/Versions/A/SearchKit
0x000000000ce86000 	/System/Library/Frameworks/CoreServices.framework/Versions/A/Frameworks/AE.framework/Versions/A/AE
0x000000000ce86000 	/System/Library/Frameworks/CoreServices.framework/Versions/A/Frameworks/LaunchServices.framework/Versions/A/LaunchServices
0x000000000ce86000 	/System/Library/Frameworks/CoreServices.framework/Versions/A/Frameworks/DictionaryServices.framework/Versions/A/DictionaryServices
0x000000000ce86000 	/System/Library/Frameworks/NetFS.framework/Versions/A/NetFS
0x000000000ce86000 	/System/Library/PrivateFrameworks/NetAuth.framework/Versions/A/NetAuth
0x000000000ce86000 	/System/Library/PrivateFrameworks/login.framework/Versions/A/Frameworks/loginsupport.framework/Versions/A/loginsupport
0x000000000ce86000 	/System/Library/PrivateFrameworks/TCC.framework/Versions/A/TCC
0x000000000ce86000 	/usr/lib/libmecabra.dylib
0x000000000ce86000 	/System/Library/Frameworks/ApplicationServices.framework/Versions/A/Frameworks/ATS.framework/Versions/A/ATS
0x000000000ce86000 	/System/Library/Frameworks/ApplicationServices.framework/Versions/A/Frameworks/ColorSync.framework/Versions/A/ColorSync
0x000000000ce86000 	/System/Library/Frameworks/ApplicationServices.framework/Versions/A/Frameworks/HIServices.framework/Versions/A/HIServices
0x000000000ce86000 	/System/Library/Frameworks/ApplicationServices.framework/Versions/A/Frameworks/LangAnalysis.framework/Versions/A/LangAnalysis
0x000000000ce86000 	/System/Library/Frameworks/ApplicationServices.framework/Versions/A/Frameworks/PrintCore.framework/Versions/A/PrintCore
0x000000000ce86000 	/System/Library/Frameworks/ApplicationServices.framework/Versions/A/Frameworks/QD.framework/Versions/A/QD
0x000000000ce86000 	/System/Library/Frameworks/ApplicationServices.framework/Versions/A/Frameworks/SpeechSynthesis.framework/Versions/A/SpeechSynthesis
0x000000000ce86000 	/System/Library/Frameworks/Accelerate.framework/Versions/A/Accelerate
0x000000000ce86000 	/System/Library/Frameworks/Accelerate.framework/Versions/A/Frameworks/vImage.framework/Versions/A/vImage
0x000000000ce86000 	/System/Library/Frameworks/Accelerate.framework/Versions/A/Frameworks/vecLib.framework/Versions/A/vecLib
0x000000000ce86000 	/System/Library/Frameworks/Accelerate.framework/Versions/A/Frameworks/vecLib.framework/Versions/A/libvDSP.dylib
0x000000000ce86000 	/System/Library/Frameworks/Accelerate.framework/Versions/A/Frameworks/vecLib.framework/Versions/A/libvMisc.dylib
0x000000000ce86000 	/System/Library/Frameworks/Accelerate.framework/Versions/A/Frameworks/vecLib.framework/Versions/A/libLAPACK.dylib
0x000000000ce86000 	/System/Library/Frameworks/Accelerate.framework/Versions/A/Frameworks/vecLib.framework/Versions/A/libBLAS.dylib
0x000000000ce86000 	/System/Library/Frameworks/Accelerate.framework/Versions/A/Frameworks/vecLib.framework/Versions/A/libLinearAlgebra.dylib
0x000000000ce86000 	/System/Library/Frameworks/ApplicationServices.framework/Versions/A/Frameworks/ATS.framework/Versions/A/Resources/libFontParser.dylib
0x000000000ce86000 	/System/Library/Frameworks/ApplicationServices.framework/Versions/A/Frameworks/ATS.framework/Versions/A/Resources/libFontRegistry.dylib
0x000000000ce86000 	/System/Library/PrivateFrameworks/AppleVPA.framework/Versions/A/AppleVPA
0x000000000ce86000 	/System/Library/PrivateFrameworks/AppleJPEG.framework/Versions/A/AppleJPEG
0x000000000ce86000 	/System/Library/Frameworks/ImageIO.framework/Versions/A/Resources/libJPEG.dylib
0x000000000ce86000 	/System/Library/Frameworks/ImageIO.framework/Versions/A/Resources/libTIFF.dylib
0x000000000ce86000 	/System/Library/Frameworks/ImageIO.framework/Versions/A/Resources/libPng.dylib
0x000000000ce86000 	/System/Library/Frameworks/ImageIO.framework/Versions/A/Resources/libGIF.dylib
0x000000000ce86000 	/System/Library/Frameworks/ImageIO.framework/Versions/A/Resources/libJP2.dylib
0x000000000ce86000 	/System/Library/Frameworks/ImageIO.framework/Versions/A/Resources/libRadiance.dylib
0x000000000ce86000 	/System/Library/Frameworks/CoreVideo.framework/Versions/A/CoreVideo
0x000000000ce86000 	/System/Library/Frameworks/OpenGL.framework/Versions/A/Libraries/libGLU.dylib
0x000000000ce86000 	/System/Library/Frameworks/OpenGL.framework/Versions/A/Libraries/libGFXShared.dylib
0x000000000ce86000 	/System/Library/Frameworks/OpenGL.framework/Versions/A/Libraries/libGL.dylib
0x000000000ce86000 	/System/Library/Frameworks/OpenGL.framework/Versions/A/Libraries/libGLImage.dylib
0x000000000ce86000 	/System/Library/Frameworks/OpenGL.framework/Versions/A/Libraries/libCVMSPluginSupport.dylib
0x000000000ce86000 	/System/Library/Frameworks/OpenGL.framework/Versions/A/Libraries/libCoreVMClient.dylib
0x000000000ce86000 	/usr/lib/libcups.2.dylib
0x000000000ce86000 	/System/Library/Frameworks/Kerberos.framework/Versions/A/Kerberos
0x000000000ce86000 	/System/Library/Frameworks/GSS.framework/Versions/A/GSS
0x000000000ce86000 	/usr/lib/libresolv.9.dylib
0x000000000ce86000 	/usr/lib/libiconv.2.dylib
0x000000000ce86000 	/System/Library/PrivateFrameworks/Heimdal.framework/Versions/A/Heimdal
0x000000000ce86000 	/usr/lib/libheimdal-asn1.dylib
0x000000000ce86000 	/System/Library/Frameworks/OpenDirectory.framework/Versions/A/OpenDirectory
0x000000000ce86000 	/System/Library/PrivateFrameworks/CommonAuth.framework/Versions/A/CommonAuth
0x000000000ce86000 	/System/Library/Frameworks/OpenDirectory.framework/Versions/A/Frameworks/CFOpenDirectory.framework/Versions/A/CFOpenDirectory
0x000000000ce86000 	/System/Library/Frameworks/SecurityFoundation.framework/Versions/A/SecurityFoundation
0x000000000ce86000 	/System/Library/PrivateFrameworks/LanguageModeling.framework/Versions/A/LanguageModeling
0x000000000ce86000 	/usr/lib/libcmph.dylib
0x000000000ce86000 	/System/Library/Frameworks/ServiceManagement.framework/Versions/A/ServiceManagement
0x000000000ce86000 	/usr/lib/libxslt.1.dylib
0x000000000ce86000 	/System/Library/Frameworks/Carbon.framework/Versions/A/Frameworks/Ink.framework/Versions/A/Ink
0x000000000ce86000 	/System/Library/Frameworks/QuartzCore.framework/Versions/A/Frameworks/CoreImage.framework/Versions/A/CoreImage
0x000000000ce86000 	/System/Library/PrivateFrameworks/CrashReporterSupport.framework/Versions/A/CrashReporterSupport
0x000000000ce86000 	/System/Library/Frameworks/OpenCL.framework/Versions/A/OpenCL
0x000000000ce86000 	/System/Library/PrivateFrameworks/FaceCore.framework/Versions/A/FaceCore
0x000000000ce86000 	/System/Library/PrivateFrameworks/Ubiquity.framework/Versions/A/Ubiquity
0x000000000ce86000 	/System/Library/PrivateFrameworks/IconServices.framework/Versions/A/IconServices
0x000000000ce86000 	/System/Library/PrivateFrameworks/ChunkingLibrary.framework/Versions/A/ChunkingLibrary
0x000000000ce86000 	/System/Library/PrivateFrameworks/Apple80211.framework/Versions/A/Apple80211
0x000000000ce86000 	/System/Library/Frameworks/CoreWLAN.framework/Versions/A/CoreWLAN
0x000000000ce86000 	/System/Library/Frameworks/IOBluetooth.framework/Versions/A/IOBluetooth
0x000000000ce86000 	/System/Library/PrivateFrameworks/CoreWiFi.framework/Versions/A/CoreWiFi
0x000000000ce86000 	/System/Library/Frameworks/CoreBluetooth.framework/Versions/A/CoreBluetooth
0x000000000ce86000 	/System/Library/PrivateFrameworks/DebugSymbols.framework/Versions/A/DebugSymbols
0x000000000ce86000 	/System/Library/PrivateFrameworks/CoreSymbolication.framework/Versions/A/CoreSymbolication
0x000000000ce86000 	/System/Library/PrivateFrameworks/Symbolication.framework/Versions/A/Symbolication
0x000000000ce86000 	/System/Library/PrivateFrameworks/SpeechRecognitionCore.framework/Versions/A/SpeechRecognitionCore
0x0000000109800000 	/Library/Java/JavaVirtualMachines/jdk1.8.0_05.jdk/Contents/Home/jre/lib/server/libjvm.dylib
0x000000000ce86000 	/usr/lib/libstdc++.6.dylib
0x0000000108f88000 	/Library/Java/JavaVirtualMachines/jdk1.8.0_05.jdk/Contents/Home/jre/lib/libverify.dylib
0x0000000108f96000 	/Library/Java/JavaVirtualMachines/jdk1.8.0_05.jdk/Contents/Home/jre/lib/libjava.dylib
0x0000000108fd4000 	/Library/Java/JavaVirtualMachines/jdk1.8.0_05.jdk/Contents/Home/jre/lib/libzip.dylib
0x00000001252ea000 	/System/Library/Frameworks/JavaVM.framework/Frameworks/JavaRuntimeSupport.framework/JavaRuntimeSupport
0x0000000125302000 	/System/Library/Frameworks/JavaVM.framework/Versions/A/Frameworks/JavaNativeFoundation.framework/Versions/A/JavaNativeFoundation
0x0000000125317000 	/System/Library/Frameworks/JavaVM.framework/Versions/A/JavaVM
0x000000000ce86000 	/System/Library/Frameworks/Carbon.framework/Versions/A/Carbon
0x0000000125324000 	/System/Library/PrivateFrameworks/JavaLaunching.framework/Versions/A/JavaLaunching
0x000000000ce86000 	/System/Library/Frameworks/Carbon.framework/Versions/A/Frameworks/CommonPanels.framework/Versions/A/CommonPanels
0x000000000ce86000 	/System/Library/Frameworks/Carbon.framework/Versions/A/Frameworks/Help.framework/Versions/A/Help
0x000000000ce86000 	/System/Library/Frameworks/Carbon.framework/Versions/A/Frameworks/ImageCapture.framework/Versions/A/ImageCapture
0x000000000ce86000 	/System/Library/Frameworks/Carbon.framework/Versions/A/Frameworks/OpenScripting.framework/Versions/A/OpenScripting
0x000000000ce86000 	/System/Library/Frameworks/Carbon.framework/Versions/A/Frameworks/Print.framework/Versions/A/Print
0x000000000ce86000 	/System/Library/Frameworks/Carbon.framework/Versions/A/Frameworks/SecurityHI.framework/Versions/A/SecurityHI
0x0000000127c2a000 	/Library/Java/JavaVirtualMachines/jdk1.8.0_05.jdk/Contents/Home/jre/lib/libawt.dylib
0x0000000127cd9000 	/Library/Java/JavaVirtualMachines/jdk1.8.0_05.jdk/Contents/Home/jre/lib/./libmlib_image.dylib
0x0000000127da5000 	/Library/Java/JavaVirtualMachines/jdk1.8.0_05.jdk/Contents/Home/jre/lib/libawt_lwawt.dylib
0x0000000127782000 	/Library/Java/JavaVirtualMachines/jdk1.8.0_05.jdk/Contents/Home/jre/lib/./libosxapp.dylib
0x000000000ce86000 	/System/Library/Frameworks/ExceptionHandling.framework/Versions/A/ExceptionHandling
0x000000000ce86000 	/System/Library/PrivateFrameworks/CoreServicesInternal.framework/Versions/A/CoreServicesInternal
0x000000000ce86000 	/System/Library/PrivateFrameworks/CloudDocs.framework/Versions/A/CloudDocs
0x000000000ce86000 	/System/Library/PrivateFrameworks/CoreDuet.framework/Versions/A/CoreDuet
0x000000000ce86000 	/System/Library/Frameworks/CloudKit.framework/Versions/A/CloudKit
0x000000000ce86000 	/System/Library/PrivateFrameworks/ProtocolBuffer.framework/Versions/A/ProtocolBuffer
0x000000000ce86000 	/System/Library/PrivateFrameworks/CoreDuetDaemonProtocol.framework/Versions/A/CoreDuetDaemonProtocol
0x000000000ce86000 	/System/Library/PrivateFrameworks/CoreDuetDebugLogging.framework/Versions/A/CoreDuetDebugLogging
0x000000000ce86000 	/System/Library/PrivateFrameworks/MMCS.framework/Versions/A/MMCS
0x000000000ce86000 	/System/Library/Frameworks/CoreLocation.framework/Versions/A/CoreLocation
0x000000000ce86000 	/System/Library/PrivateFrameworks/ProtectedCloudStorage.framework/Versions/A/ProtectedCloudStorage
0x000000000ce86000 	/System/Library/PrivateFrameworks/GeoServices.framework/Versions/A/GeoServices
0x000000000ce86000 	/System/Library/Frameworks/CoreGraphics.framework/Versions/A/Resources/libCGCMS.A.dylib
0x000000000ce86000 	/System/Library/Frameworks/CoreGraphics.framework/Versions/A/Resources/libRIP.A.dylib
0x000000000ce86000 	/System/Library/CoreServices/RawCamera.bundle/Contents/MacOS/RawCamera
0x000000000ce86000 	/System/Library/Frameworks/CoreGraphics.framework/Versions/A/Resources/libCGXType.A.dylib
0x000000000ce86000 	/System/Library/Frameworks/OpenCL.framework/Versions/A/Libraries/libcldcpuengine.dylib
0x000000000ce86000 	/System/Library/PrivateFrameworks/DiskImages.framework/Versions/A/DiskImages
0x000000000ce86000 	/System/Library/Frameworks/DiscRecording.framework/Versions/A/DiscRecording
0x000000000ce86000 	/usr/lib/libcsfde.dylib
0x000000000ce86000 	/usr/lib/libcurl.4.dylib
0x000000000ce86000 	/System/Library/PrivateFrameworks/MediaKit.framework/Versions/A/MediaKit
0x000000000ce86000 	/usr/lib/libCoreStorage.dylib
0x000000000ce86000 	/System/Library/PrivateFrameworks/EFILogin.framework/Versions/A/EFILogin
0x000000000ce86000 	/usr/lib/libutil.dylib
0x000000000ce86000 	/System/Library/PrivateFrameworks/FindMyDevice.framework/Versions/A/FindMyDevice
0x000000000ce86000 	/System/Library/Frameworks/LDAP.framework/Versions/A/LDAP
0x000000000ce86000 	/usr/lib/libsasl2.2.dylib
0x000000000ce86000 	/System/Library/PrivateFrameworks/CoreDaemon.framework/Versions/B/CoreDaemon
0x000000000ce86000 	/usr/lib/libcrypto.0.9.8.dylib
0x000000000ce86000 	/System/Library/PrivateFrameworks/AppleSRP.framework/Versions/A/AppleSRP
0x000000000ce86000 	/System/Library/PrivateFrameworks/TrustEvaluationAgent.framework/Versions/A/TrustEvaluationAgent
0x0000000128200000 	cl_kernels
0x000000012af4a000 	/System/Library/Frameworks/OpenCL.framework/Versions/A/Libraries/ImageFormats/unorm8_bgra.dylib
0x000000012b107000 	cl_kernels
0x000000000ce86000 	/System/Library/PrivateFrameworks/FamilyControls.framework/Versions/A/FamilyControls
0x000000000ce86000 	/System/Library/PrivateFrameworks/CommerceKit.framework/Versions/A/Frameworks/CommerceCore.framework/Versions/A/CommerceCore
0x000000000ce86000 	/System/Library/PrivateFrameworks/SystemAdministration.framework/Versions/A/SystemAdministration
0x000000000ce86000 	/System/Library/PrivateFrameworks/AppContainer.framework/Versions/A/AppContainer
0x000000000ce86000 	/System/Library/PrivateFrameworks/SecCodeWrapper.framework/Versions/A/SecCodeWrapper
0x000000000ce86000 	/System/Library/Frameworks/DirectoryService.framework/Versions/A/DirectoryService
0x000000000ce86000 	/System/Library/PrivateFrameworks/LoginUIKit.framework/Versions/A/Frameworks/LoginUICore.framework/Versions/A/LoginUICore
0x000000000ce86000 	/usr/lib/libodfde.dylib
0x000000012c2e8000 	/Library/Java/JavaVirtualMachines/jdk1.8.0_05.jdk/Contents/Home/jre/lib/libfontmanager.dylib
0x000000000ce86000 	/System/Library/Frameworks/OpenGL.framework/Versions/A/Resources/GLEngine.bundle/GLEngine
0x000000000ce86000 	/System/Library/Frameworks/OpenGL.framework/Versions/A/Libraries/libGLProgrammability.dylib
0x0000000000000000 	/System/Library/Extensions/AppleIntelHD5000GraphicsGLDriver.bundle/Contents/MacOS/AppleIntelHD5000GraphicsGLDriver
0x000000000ce86000 	/System/Library/PrivateFrameworks/IOAccelerator.framework/Versions/A/IOAccelerator
0x000000000ce86000 	/System/Library/PrivateFrameworks/GPUSupport.framework/Versions/A/Libraries/libGPUSupportMercury.dylib
0x000000000ce86000 	/System/Library/Frameworks/OpenGL.framework/Versions/A/Resources/GLRendererFloat.bundle/GLRendererFloat
0x000000012d17b000 	/Library/Java/JavaVirtualMachines/jdk1.8.0_05.jdk/Contents/Home/jre/lib/libnet.dylib
0x000000012d391000 	/Library/Java/JavaVirtualMachines/jdk1.8.0_05.jdk/Contents/Home/jre/lib/libnio.dylib
0x000000012d5a0000 	/private/var/folders/vg/zpzmpw4s3yn_d4t6h_vsprr80000gn/T/jna/jna2506613909552427747.tmp
0x000000012d7b4000 	/Users/amarks/Code/clojure/overtone/tutorial/target/native/macosx/x86_64/libscsynth.dylib
0x0000000125388000 	/Library/Java/JavaVirtualMachines/jdk1.8.0_05.jdk/Contents/Home/jre/lib/libjsound.dylib
0x000000012539b000 	/System/Library/Frameworks/CoreMIDI.framework/Versions/A/CoreMIDI
0x000000000ce86000 	/usr/lib/libexpat.1.dylib
0x00000001253f9000 	/System/Library/Extensions/AppleHDA.kext/Contents/PlugIns/AppleHDAHALPlugIn.bundle/Contents/MacOS/AppleHDAHALPlugIn
0x000000012540b000 	/Library/Java/JavaVirtualMachines/jdk1.8.0_05.jdk/Contents/Home/jre/lib/libmanagement.dylib
0x0000000125418000 	/Users/amarks/Code/clojure/overtone/tutorial/target/native/macosx/x86_64/AmbisonicUGens.scx
0x0000000127426000 	/Users/amarks/Code/clojure/overtone/tutorial/target/native/macosx/x86_64/AtkUGens.scx
0x000000012541e000 	/Users/amarks/Code/clojure/overtone/tutorial/target/native/macosx/x86_64/AY_UGen.scx
0x0000000125425000 	/Users/amarks/Code/clojure/overtone/tutorial/target/native/macosx/x86_64/BatPVUgens.scx
0x000000012542d000 	/Users/amarks/Code/clojure/overtone/tutorial/target/native/macosx/x86_64/BatUGens.scx
0x000000012743f000 	/Users/amarks/Code/clojure/overtone/tutorial/target/native/macosx/x86_64/BBCut2UGens.scx
0x000000012f51c000 	/Users/amarks/Code/clojure/overtone/tutorial/target/native/macosx/x86_64/BerlachUGens.scx
0x0000000127447000 	/Users/amarks/Code/clojure/overtone/tutorial/target/native/macosx/x86_64/BetablockerUGens.scx
0x000000012f52d000 	/Users/amarks/Code/clojure/overtone/tutorial/target/native/macosx/x86_64/BhobChaos.scx
0x000000012f538000 	/Users/amarks/Code/clojure/overtone/tutorial/target/native/macosx/x86_64/BhobFFT.scx
0x000000012f54b000 	/Users/amarks/Code/clojure/overtone/tutorial/target/native/macosx/x86_64/BhobFilt.scx
0x000000012f55d000 	/Users/amarks/Code/clojure/overtone/tutorial/target/native/macosx/x86_64/BhobGrain.scx
0x000000012f564000 	/Users/amarks/Code/clojure/overtone/tutorial/target/native/macosx/x86_64/BhobNoise.scx
0x000000012f56d000 	/Users/amarks/Code/clojure/overtone/tutorial/target/native/macosx/x86_64/BinaryOpUGens.scx
0x000000012f596000 	/Users/amarks/Code/clojure/overtone/tutorial/target/native/macosx/x86_64/BlackrainUGens.scx
0x000000012f59b000 	/Users/amarks/Code/clojure/overtone/tutorial/target/native/macosx/x86_64/ChaosUGens.scx
0x000000012f5a4000 	/Users/amarks/Code/clojure/overtone/tutorial/target/native/macosx/x86_64/Concat.scx
0x000000012f5ab000 	/Users/amarks/Code/clojure/overtone/tutorial/target/native/macosx/x86_64/DelayUGens.scx
0x000000012f5d6000 	/Users/amarks/Code/clojure/overtone/tutorial/target/native/macosx/x86_64/DemandUGens.scx
0x000000012f5e1000 	/Users/amarks/Code/clojure/overtone/tutorial/target/native/macosx/x86_64/DiskIO_UGens.scx
0x0000000125432000 	/Users/amarks/Code/clojure/overtone/tutorial/target/native/macosx/x86_64/DistortionUGens.scx
0x000000012f6da000 	/Users/amarks/Code/clojure/overtone/tutorial/target/native/macosx/x86_64/DynNoiseUGens.scx
0x000000012f6df000 	/Users/amarks/Code/clojure/overtone/tutorial/target/native/macosx/x86_64/FFT_UGens.scx
0x000000012f6ff000 	/Users/amarks/Code/clojure/overtone/tutorial/target/native/macosx/x86_64/FilterUGens.scx
0x000000012f71b000 	/Users/amarks/Code/clojure/overtone/tutorial/target/native/macosx/x86_64/GendynUGens.scx
0x000000012f720000 	/Users/amarks/Code/clojure/overtone/tutorial/target/native/macosx/x86_64/GlitchUGens.scx
0x000000012f725000 	/Users/amarks/Code/clojure/overtone/tutorial/target/native/macosx/x86_64/GrainUGens.scx
0x000000012f738000 	/Users/amarks/Code/clojure/overtone/tutorial/target/native/macosx/x86_64/IOUGens.scx
0x000000012f740000 	/Users/amarks/Code/clojure/overtone/tutorial/target/native/macosx/x86_64/JoshAmbiUGens.scx
0x000000012f74d000 	/Users/amarks/Code/clojure/overtone/tutorial/target/native/macosx/x86_64/JoshGrainUGens.scx
0x000000012f778000 	/Users/amarks/Code/clojure/overtone/tutorial/target/native/macosx/x86_64/JoshPVUGens.scx
0x000000012f795000 	/Users/amarks/Code/clojure/overtone/tutorial/target/native/macosx/x86_64/JoshUGens.scx
0x000000012f7af000 	/Users/amarks/Code/clojure/overtone/tutorial/target/native/macosx/x86_64/KeyboardUGens.scx
0x000000012b101000 	/Users/amarks/Code/clojure/overtone/tutorial/target/native/macosx/x86_64/LadspaUGen.scx
0x000000012f837000 	/Users/amarks/Code/clojure/overtone/tutorial/target/native/macosx/x86_64/LFUGens.scx
0x000000012f84a000 	/Users/amarks/Code/clojure/overtone/tutorial/target/native/macosx/x86_64/LoopBuf.scx
0x000000012f84f000 	/Users/amarks/Code/clojure/overtone/tutorial/target/native/macosx/x86_64/MCLDBufferUGens.scx
0x000000012f854000 	/Users/amarks/Code/clojure/overtone/tutorial/target/native/macosx/x86_64/MCLDCepstrumUGens.scx
0x000000012f864000 	/Users/amarks/Code/clojure/overtone/tutorial/target/native/macosx/x86_64/MCLDChaosUGens.scx
0x000000012f86a000 	/Users/amarks/Code/clojure/overtone/tutorial/target/native/macosx/x86_64/MCLDDistortionUGens.scx
0x000000012f86e000 	/Users/amarks/Code/clojure/overtone/tutorial/target/native/macosx/x86_64/MCLDFFTUGens.scx
0x000000012f883000 	/Users/amarks/Code/clojure/overtone/tutorial/target/native/macosx/x86_64/MCLDFilterUGens.scx
0x000000012f887000 	/Users/amarks/Code/clojure/overtone/tutorial/target/native/macosx/x86_64/MCLDGetenvUGen.scx
0x000000012f88b000 	/Users/amarks/Code/clojure/overtone/tutorial/target/native/macosx/x86_64/MCLDOscUGens.scx
0x000000012f88f000 	/Users/amarks/Code/clojure/overtone/tutorial/target/native/macosx/x86_64/MCLDPollUGens.scx
0x000000012f893000 	/Users/amarks/Code/clojure/overtone/tutorial/target/native/macosx/x86_64/MCLDSOMUGens.scx
0x000000012f899000 	/Users/amarks/Code/clojure/overtone/tutorial/target/native/macosx/x86_64/MCLDTreeUGens.scx
0x000000012f89e000 	/Users/amarks/Code/clojure/overtone/tutorial/target/native/macosx/x86_64/MCLDTriggeredStatsUgens.scx
0x000000012f8a2000 	/Users/amarks/Code/clojure/overtone/tutorial/target/native/macosx/x86_64/MdaUGens.scx
0x000000012f9c4000 	/Users/amarks/Code/clojure/overtone/tutorial/target/native/macosx/x86_64/MembraneUGens.scx
0x000000012f9c9000 	/Users/amarks/Code/clojure/overtone/tutorial/target/native/macosx/x86_64/ML_UGens.scx
0x000000012f9fc000 	/Users/amarks/Code/clojure/overtone/tutorial/target/native/macosx/x86_64/MouseUGens.scx
0x000000012fa85000 	/Users/amarks/Code/clojure/overtone/tutorial/target/native/macosx/x86_64/MulAddUGens.scx
0x000000012fa8c000 	/Users/amarks/Code/clojure/overtone/tutorial/target/native/macosx/x86_64/NCAnalysisUGens.scx
0x000000012faab000 	/Users/amarks/Code/clojure/overtone/tutorial/target/native/macosx/x86_64/NoiseUGens.scx
0x000000012fab2000 	/Users/amarks/Code/clojure/overtone/tutorial/target/native/macosx/x86_64/OscUGens.scx
0x000000012fac2000 	/Users/amarks/Code/clojure/overtone/tutorial/target/native/macosx/x86_64/PanUGens.scx
0x000000012facb000 	/Users/amarks/Code/clojure/overtone/tutorial/target/native/macosx/x86_64/PhysicalModelingUGens.scx
0x000000012facf000 	/Users/amarks/Code/clojure/overtone/tutorial/target/native/macosx/x86_64/PitchDetection.scx
0x000000012fad6000 	/Users/amarks/Code/clojure/overtone/tutorial/target/native/macosx/x86_64/PV_ThirdParty.scx
0x000000012faea000 	/Users/amarks/Code/clojure/overtone/tutorial/target/native/macosx/x86_64/ReverbUGens.scx
0x000000012faf2000 	/Users/amarks/Code/clojure/overtone/tutorial/target/native/macosx/x86_64/RFWUGens.scx
0x000000012faf6000 	/Users/amarks/Code/clojure/overtone/tutorial/target/native/macosx/x86_64/RMEQSuite.scx
0x000000012fafe000 	/Users/amarks/Code/clojure/overtone/tutorial/target/native/macosx/x86_64/SLUGens.scx
0x000000012fb0d000 	/Users/amarks/Code/clojure/overtone/tutorial/target/native/macosx/x86_64/StkUGens.scx
0x000000012fbba000 	/Users/amarks/Code/clojure/overtone/tutorial/target/native/macosx/x86_64/SummerUGens.scx
0x000000012fbbf000 	/Users/amarks/Code/clojure/overtone/tutorial/target/native/macosx/x86_64/TagSystemUgens.scx
0x000000012fbc5000 	/Users/amarks/Code/clojure/overtone/tutorial/target/native/macosx/x86_64/TestUGens.scx
0x000000012fbc9000 	/Users/amarks/Code/clojure/overtone/tutorial/target/native/macosx/x86_64/TJUGens.scx
0x000000012fbd3000 	/Users/amarks/Code/clojure/overtone/tutorial/target/native/macosx/x86_64/TriggerUGens.scx
0x000000012fbdf000 	/Users/amarks/Code/clojure/overtone/tutorial/target/native/macosx/x86_64/UnaryOpUGens.scx
0x000000012fbf5000 	/Users/amarks/Code/clojure/overtone/tutorial/target/native/macosx/x86_64/UnpackFFTUGens.scx
0x000000012fc01000 	/Users/amarks/Code/clojure/overtone/tutorial/target/native/macosx/x86_64/VBAP.scx
0x000000012fc07000 	/Users/amarks/Code/clojure/overtone/tutorial/target/native/macosx/x86_64/VOSIM.scx

VM Arguments:
jvm_args: -Dfile.encoding=UTF-8 -XX:+TieredCompilation -XX:TieredStopAtLevel=1 -XX:-OmitStackTraceInFastThrow -Dclojure.compile.path=/Users/amarks/Code/clojure/overtone/tutorial/target/classes -Dtutorial.version=0.1.0-SNAPSHOT -Dclojure.debug=false -Djava.library.path=/Users/amarks/Code/clojure/overtone/tutorial/target/native/macosx/x86_64 
java_command: clojure.main -i /private/var/folders/vg/zpzmpw4s3yn_d4t6h_vsprr80000gn/T/form-init6566626168666922400.clj
java_class_path (initial): /Users/amarks/Code/clojure/overtone/tutorial/test:/Users/amarks/Code/clojure/overtone/tutorial/src:/Users/amarks/Code/clojure/overtone/tutorial/dev-resources:/Users/amarks/Code/clojure/overtone/tutorial/resources:/Users/amarks/Code/clojure/overtone/tutorial/target/classes:/Users/amarks/.m2/repository/overtone/scsynth-extras/3.5.7.0/scsynth-extras-3.5.7.0.jar:/Users/amarks/.m2/repository/net/java/dev/jna/jna/3.4.0/jna-3.4.0.jar:/Users/amarks/.m2/repository/clojure-complete/clojure-complete/0.2.3/clojure-complete-0.2.3.jar:/Users/amarks/.m2/repository/overtone/at-at/1.2.0/at-at-1.2.0.jar:/Users/amarks/.m2/repository/overtone/byte-spec/0.3.1/byte-spec-0.3.1.jar:/Users/amarks/.m2/repository/overtone/osc-clj/0.9.0/osc-clj-0.9.0.jar:/Users/amarks/.m2/repository/overtone/libs.handlers/0.2.0/libs.handlers-0.2.0.jar:/Users/amarks/.m2/repository/overtone/scsynth/3.5.7.0/scsynth-3.5.7.0.jar:/Users/amarks/.m2/repository/commons-net/commons-net/3.0.1/commons-net-3.0.1.jar:/Users/amarks/.m2/repository/javax/jmdns/jmdns/3.4.1/jmdns-3.4.1.jar:/Users/amarks/.m2/repository/org/clojure/tools.nrepl/0.2.6/tools.nrepl-0.2.6.jar:/Users/amarks/.m2/repository/clj-glob/clj-glob/1.0.0/clj-glob-1.0.0.jar:/Users/amarks/.m2/repository/org/clojure/clojure/1.6.0/clojure-1.6.0.jar:/Users/amarks/.m2/repository/overtone/overtone/0.9.1/overtone-0.9.1.jar:/Users/amarks/.m2/repository/overtone/midi-clj/0.5.0/midi-clj-0.5.0.jar:/Users/amarks/.m2/repository/org/clojure/data.json/0.2.3/data.json-0.2.3.jar:/Users/amarks/.m2/repository/clj-native/clj-native/0.9.3/clj-native-0.9.3.jar
Launcher Type: SUN_STANDARD

Environment Variables:
CLASSPATH=/Users/amarks/.lein/self-installs/leiningen-2.5.1-standalone.jar
PATH=/usr/local/bin:/usr/local/sbin:/usr/bin:/bin:/usr/sbin:/sbin:/usr/local/git/bin:/usr/local/go/bin
SHELL=/bin/zsh

Signal Handlers:
SIGSEGV: [libjvm.dylib+0x55f7df], sa_mask[0]=0xfffefeff, sa_flags=0x00000043
SIGBUS: [libjvm.dylib+0x55f7df], sa_mask[0]=0xfffefeff, sa_flags=0x00000042
SIGFPE: [libjvm.dylib+0x442cfa], sa_mask[0]=0xfffefeff, sa_flags=0x00000042
SIGPIPE: [libjvm.dylib+0x442cfa], sa_mask[0]=0xfffefeff, sa_flags=0x00000042
SIGXFSZ: [libjvm.dylib+0x442cfa], sa_mask[0]=0xfffefeff, sa_flags=0x00000042
SIGILL: [libjvm.dylib+0x442cfa], sa_mask[0]=0xfffefeff, sa_flags=0x00000042
SIGUSR1: SIG_DFL, sa_mask[0]=0x63807efb, sa_flags=0x00000000
SIGUSR2: [libjvm.dylib+0x442818], sa_mask[0]=0x00000004, sa_flags=0x00000042
SIGHUP: [libjvm.dylib+0x440ba5], sa_mask[0]=0xfffefeff, sa_flags=0x00000042
SIGINT: [libjvm.dylib+0x440ba5], sa_mask[0]=0xfffefeff, sa_flags=0x00000042
SIGTERM: [libjvm.dylib+0x440ba5], sa_mask[0]=0xfffefeff, sa_flags=0x00000042
SIGQUIT: [libjvm.dylib+0x440ba5], sa_mask[0]=0xfffefeff, sa_flags=0x00000042


---------------  S Y S T E M  ---------------

OS:Bsduname:Darwin 14.4.0 Darwin Kernel Version 14.4.0: Thu May 28 11:35:04 PDT 2015; root:xnu-2782.30.5~1/RELEASE_X86_64 x86_64
rlimit: STACK 8192k, CORE 0k, NPROC 709, NOFILE 10240, AS infinity
load average:2.14 2.36 2.52

CPU:total 4 (2 cores per cpu, 2 threads per core) family 6 model 69 stepping 1, cmov, cx8, fxsr, mmx, sse, sse2, sse3, ssse3, sse4.1, sse4.2, popcnt, avx, avx2, aes, clmul, erms, ht, tsc, tscinvbit

Memory: 4k page, physical 16777216k(660632k free)

/proc/meminfo:


vm_info: Java HotSpot(TM) 64-Bit Server VM (25.5-b02) for bsd-amd64 JRE (1.8.0_05-b13), built on Mar 18 2014 00:36:13 by "java_re" with gcc 4.2.1 (Based on Apple Inc. build 5658) (LLVM build 2336.11.00)

time: Sat Aug 15 10:18:51 2015
elapsed time: 64 seconds

